#
# There is insufficient memory for the Java Runtime Environment to continue.
# Native memory allocation (mmap) failed to map 132120576 bytes for Failed to commit area from 0x0000000083000000 to 0x000000008ae00000 of length 132120576.
# Possible reasons:
#   The system is out of physical RAM or swap space
#   The process is running with CompressedOops enabled, and the Java Heap may be blocking the growth of the native heap
# Possible solutions:
#   Reduce memory load on the system
#   Increase physical memory or swap space
#   Check if swap backing store is full
#   Decrease Java heap size (-Xmx/-Xms)
#   Decrease number of Java threads
#   Decrease Java thread stack sizes (-Xss)
#   Set larger code cache with -XX:ReservedCodeCacheSize=
# This output file may be truncated or incomplete.
#
#  Out of Memory Error (./src/hotspot/os/windows/os_windows.cpp:3619), pid=4584, tid=13552
#
# JRE version:  (11.0.13+7) (build )
# Java VM: OpenJDK 64-Bit Server VM (11.0.13+7-b1751.21, mixed mode, sharing, tiered, compressed oops, g1 gc, windows-amd64)
# No core dump will be written. Minidumps are not enabled by default on client versions of Windows
#

---------------  S U M M A R Y ------------

Command Line: com.intellij.util.ReadEnv C:\Users\santo\AppData\Local\Temp\intellij-cmd-env.15580707329295235593.tmp

Host: Intel(R) Core(TM) i5-8265U CPU @ 1.60GHz, 8 cores, 7G,  Windows 10 , 64 bit Build 18362 (10.0.18362.1500)
Time: Wed Apr  6 19:26:45 2022 Hora oficial do Brasil elapsed time: 0.048155 seconds (0d 0h 0m 0s)

---------------  T H R E A D  ---------------

Current thread (0x00000221e7090000):  JavaThread "Unknown thread" [_thread_in_vm, id=13552, stack(0x0000004964b00000,0x0000004964c00000)]

Stack: [0x0000004964b00000,0x0000004964c00000]
Native frames: (J=compiled Java code, j=interpreted, Vv=VM code, C=native code)
V  [jvm.dll+0x613daa]
V  [jvm.dll+0x799b30]
V  [jvm.dll+0x79b14d]
V  [jvm.dll+0x79b823]
V  [jvm.dll+0x24c958]
V  [jvm.dll+0x610e24]
V  [jvm.dll+0x605b25]
V  [jvm.dll+0x30aaab]
V  [jvm.dll+0x30aa1a]
V  [jvm.dll+0x30a8f2]
V  [jvm.dll+0x30f856]
V  [jvm.dll+0x359143]
V  [jvm.dll+0x359846]
V  [jvm.dll+0x359243]
V  [jvm.dll+0x2e57a8]
V  [jvm.dll+0x2e6947]
V  [jvm.dll+0x776d47]
V  [jvm.dll+0x77853c]
V  [jvm.dll+0x3666c9]
V  [jvm.dll+0x75a9ce]
V  [jvm.dll+0x3d47d3]
V  [jvm.dll+0x3d6d21]
C  [jli.dll+0x536b]
C  [ucrtbase.dll+0x210b2]
C  [KERNEL32.DLL+0x17c24]
C  [ntdll.dll+0x6d721]


---------------  P R O C E S S  ---------------

Threads class SMR info:
_java_thread_list=0x00000221e4eb65c0, length=0, elements={
}

Java Threads: ( => current thread )

Other Threads:
  0x00000221e70a7000 GCTaskThread "GC Thread#0" [stack: 0x0000004964c00000,0x0000004964d00000] [id=6332]
  0x00000221e70d5800 ConcurrentGCThread "G1 Main Marker" [stack: 0x0000004964d00000,0x0000004964e00000] [id=13876]
  0x00000221e70d8000 ConcurrentGCThread "G1 Conc#0" [stack: 0x0000004964e00000,0x0000004964f00000] [id=1652]

[error occurred during error reporting (printing all threads), id 0xc0000005, EXCEPTION_ACCESS_VIOLATION (0xc0000005) at pc=0x00007ff9798d5c97]

VM state:not at safepoint (not fully initialized)

VM Mutex/Monitor currently owned by a thread:  ([mutex/lock_event])
[0x00000221e4f8a330] Heap_lock - owner thread: 0x00000221e7090000

Heap address: 0x0000000083000000, size: 2000 MB, Compressed Oops mode: Non-zero based: 0x0000000083000000
Narrow klass base: 0x0000000000000000, Narrow klass shift: 0

GC Heap History (0 events):
No events

Deoptimization events (0 events):
No events

Classes redefined (0 events):
No events

Internal exceptions (0 events):
No events

Events (1 events):
Event: 0.025 Loaded shared library C:\Program Files\JetBrains\PyCharm Community Edition 2021.1.1\jbr\bin\zip.dll


Dynamic libraries:
0x00007ff7aba60000 - 0x00007ff7aba6a000 	C:\Program Files\JetBrains\PyCharm Community Edition 2021.1.1\jbr\bin\java.exe
0x00007ffa2c4c0000 - 0x00007ffa2c6b0000 	C:\Windows\SYSTEM32\ntdll.dll
0x00007ffa2bbb0000 - 0x00007ffa2bc62000 	C:\Windows\System32\KERNEL32.DLL
0x00007ffa29dd0000 - 0x00007ffa2a075000 	C:\Windows\System32\KERNELBASE.dll
0x00007ffa29460000 - 0x00007ffa2955a000 	C:\Windows\System32\ucrtbase.dll
0x00007ff9e6780000 - 0x00007ff9e6797000 	C:\Program Files\JetBrains\PyCharm Community Edition 2021.1.1\jbr\bin\VCRUNTIME140.dll
0x00007ff9e6de0000 - 0x00007ff9e6df9000 	C:\Program Files\JetBrains\PyCharm Community Edition 2021.1.1\jbr\bin\jli.dll
0x00007ffa2a940000 - 0x00007ffa2aad4000 	C:\Windows\System32\USER32.dll
0x00007ffa2a540000 - 0x00007ffa2a561000 	C:\Windows\System32\win32u.dll
0x00007ffa2aeb0000 - 0x00007ffa2aed6000 	C:\Windows\System32\GDI32.dll
0x00007ffa2a080000 - 0x00007ffa2a218000 	C:\Windows\System32\gdi32full.dll
0x00007ffa036a0000 - 0x00007ffa03924000 	C:\Windows\WinSxS\amd64_microsoft.windows.common-controls_6595b64144ccf1df_6.0.18362.1556_none_9e7e372fe45e41d5\COMCTL32.dll
0x00007ffa29d30000 - 0x00007ffa29dce000 	C:\Windows\System32\msvcp_win.dll
0x00007ffa2b680000 - 0x00007ffa2b71e000 	C:\Windows\System32\msvcrt.dll
0x00007ffa2ab70000 - 0x00007ffa2aea6000 	C:\Windows\System32\combase.dll
0x00007ffa2b720000 - 0x00007ffa2b83f000 	C:\Windows\System32\RPCRT4.dll
0x00007ffa2a220000 - 0x00007ffa2a2a1000 	C:\Windows\System32\bcryptPrimitives.dll
0x00007ffa2bb80000 - 0x00007ffa2bbae000 	C:\Windows\System32\IMM32.DLL
0x00007ff97e490000 - 0x00007ff97e52d000 	C:\Program Files\JetBrains\PyCharm Community Edition 2021.1.1\jbr\bin\msvcp140.dll
0x00007ff9795e0000 - 0x00007ff97a156000 	C:\Program Files\JetBrains\PyCharm Community Edition 2021.1.1\jbr\bin\server\jvm.dll
0x00007ffa2c3d0000 - 0x00007ffa2c473000 	C:\Windows\System32\ADVAPI32.dll
0x00007ffa2a570000 - 0x00007ffa2a607000 	C:\Windows\System32\sechost.dll
0x00007ffa2b8f0000 - 0x00007ffa2b8f8000 	C:\Windows\System32\PSAPI.DLL
0x00007ff9f3280000 - 0x00007ff9f3289000 	C:\Windows\SYSTEM32\WSOCK32.dll
0x00007ffa18110000 - 0x00007ffa1811a000 	C:\Windows\SYSTEM32\VERSION.dll
0x00007ffa2bc70000 - 0x00007ffa2bcdf000 	C:\Windows\System32\WS2_32.dll
0x00007ffa21800000 - 0x00007ffa21824000 	C:\Windows\SYSTEM32\WINMM.dll
0x00007ffa217c0000 - 0x00007ffa217ed000 	C:\Windows\SYSTEM32\winmmbase.dll
0x00007ffa29560000 - 0x00007ffa295aa000 	C:\Windows\System32\cfgmgr32.dll
0x00007ffa29380000 - 0x00007ffa29391000 	C:\Windows\System32\kernel.appcore.dll
0x00007ffa03350000 - 0x00007ffa03361000 	C:\Program Files\JetBrains\PyCharm Community Edition 2021.1.1\jbr\bin\verify.dll
0x00007ffa27c20000 - 0x00007ffa27e14000 	C:\Windows\SYSTEM32\DBGHELP.DLL
0x00007ffa17a80000 - 0x00007ffa17aaa000 	C:\Windows\SYSTEM32\dbgcore.DLL
0x00007ff9f6ae0000 - 0x00007ff9f6b09000 	C:\Program Files\JetBrains\PyCharm Community Edition 2021.1.1\jbr\bin\java.dll
0x00007ffa21a20000 - 0x00007ffa21a2b000 	C:\Program Files\JetBrains\PyCharm Community Edition 2021.1.1\jbr\bin\jimage.dll
0x00007ff9fa180000 - 0x00007ff9fa198000 	C:\Program Files\JetBrains\PyCharm Community Edition 2021.1.1\jbr\bin\zip.dll

dbghelp: loaded successfully - version: 4.0.5 - missing functions: none
symbol engine: initialized successfully - sym options: 0x614 - pdb path: .;C:\Program Files\JetBrains\PyCharm Community Edition 2021.1.1\jbr\bin;C:\Windows\SYSTEM32;C:\Windows\WinSxS\amd64_microsoft.windows.common-controls_6595b64144ccf1df_6.0.18362.1556_none_9e7e372fe45e41d5;C:\Program Files\JetBrains\PyCharm Community Edition 2021.1.1\jbr\bin\server

VM Arguments:
java_command: com.intellij.util.ReadEnv C:\Users\santo\AppData\Local\Temp\intellij-cmd-env.15580707329295235593.tmp
java_class_path (initial): C:\Program Files\JetBrains\PyCharm Community Edition 2021.1.1\lib\util.jar
Launcher Type: SUN_STANDARD

[Global flags]
     intx CICompilerCount                          = 4                                         {product} {ergonomic}
     uint ConcGCThreads                            = 2                                         {product} {ergonomic}
     uint G1ConcRefinementThreads                  = 8                                         {product} {ergonomic}
   size_t G1HeapRegionSize                         = 1048576                                   {product} {ergonomic}
    uintx GCDrainStackTargetSize                   = 64                                        {product} {ergonomic}
   size_t InitialHeapSize                          = 132120576                                 {product} {ergonomic}
   size_t MarkStackSize                            = 4194304                                   {product} {ergonomic}
   size_t MaxHeapSize                              = 2097152000                                {product} {ergonomic}
   size_t MinHeapDeltaBytes                        = 1048576                                   {product} {ergonomic}
    uintx NonNMethodCodeHeapSize                   = 5836300                                {pd product} {ergonomic}
    uintx NonProfiledCodeHeapSize                  = 122910970                              {pd product} {ergonomic}
    uintx ProfiledCodeHeapSize                     = 122910970                              {pd product} {ergonomic}
    uintx ReservedCodeCacheSize                    = 251658240                              {pd product} {ergonomic}
     bool SegmentedCodeCache                       = true                                      {product} {ergonomic}
     bool UseCompressedClassPointers               = true                                 {lp64_product} {ergonomic}
     bool UseCompressedOops                        = true                                 {lp64_product} {ergonomic}
     bool UseG1GC                                  = true                                      {product} {ergonomic}
     bool UseLargePagesIndividualAllocation        = false                                  {pd product} {ergonomic}

Logging:
Log output configuration:
 #0: stdout all=warning uptime,level,tags
 #1: stderr all=off uptime,level,tags

Environment Variables:
PATH=C:\Users\santo\PycharmProjects\cursoVida\Scripts;C:\app\santo\product\21c\dbhomeXE\bin;C:\Windows\system32;C:\Windows;C:\Windows\System32\Wbem;C:\Windows\System32\WindowsPowerShell\v1.0\;C:\Windows\System32\OpenSSH\;C:\Program Files (x86)\NVIDIA Corporation\PhysX\Common;C:\Program Files\NVIDIA Corporation\NVIDIA NvDLISR;C:\Program Files\Git\cmd;C:\Program Files\MySQL\MySQL Shell 8.0\bin\;C:\Users\santo\AppData\Local\Programs\Python\Python39\Scripts\;C:\Users\santo\AppData\Local\Programs\Python\Python39\;C:\Users\santo\AppData\Local\Programs\Python\Python310\Scripts\;C:\Users\santo\AppData\Local\Programs\Python\Python310\;C:\app\santo\product\21c\dbhomeXE\bin;C:\Windows\system32;C:\Windows;C:\Windows\System32\Wbem;C:\Windows\System32\WindowsPowerShell\v1.0\;C:\Windows\System32\OpenSSH\;C:\Program Files (x86)\NVIDIA Corporation\PhysX\Common;C:\Program Files\NVIDIA Corporation\NVIDIA NvDLISR;C:\Program Files\Git\cmd;C:\Users\jetbrains\AppData\Roaming\Python\Python37\Scripts;E:\Microsoft VS Code\bin;C:\Program Files\heroku\bin
USERNAME=santo
OS=Windows_NT
PROCESSOR_IDENTIFIER=Intel64 Family 6 Model 142 Stepping 12, GenuineIntel



---------------  S Y S T E M  ---------------

OS: Windows 10 , 64 bit Build 18362 (10.0.18362.1500)
OS uptime: 0 days 0:10 hours

CPU:total 8 (initial active 8) (4 cores per cpu, 2 threads per core) family 6 model 142 stepping 12 microcode 0xde, cmov, cx8, fxsr, mmx, sse, sse2, sse3, ssse3, sse4.1, sse4.2, popcnt, avx, avx2, aes, clmul, erms, 3dnowpref, lzcnt, ht, tsc, tscinvbit, bmi1, bmi2, adx, fma

Memory: 4k page, system-wide physical 7998M (371M free)
TotalPageFile size 12189M (AvailPageFile size 96M)
current process WorkingSet (physical memory assigned to process): 10M, peak: 10M
current process commit charge ("private bytes"): 60M, peak: 186M

vm_info: OpenJDK 64-Bit Server VM (11.0.13+7-b1751.21) for windows-amd64 JRE (11.0.13+7-b1751.21), built on Nov 30 2021 02:32:50 by "" with MS VC++ 14.0 (VS2015)

END.
